<?xml version="1.0" encoding="UTF-8"?>
<testng-results ignored="0" total="1" passed="1" failed="0" skipped="0">
  <reporter-output>
  </reporter-output>
  <suite started-at="2023-05-22T16:18:37 IST" name="Suite" finished-at="2023-05-22T16:18:41 IST" duration-ms="4620">
    <groups>
    </groups>
    <test started-at="2023-05-22T16:18:37 IST" name="Test" finished-at="2023-05-22T16:18:41 IST" duration-ms="4620">
      <class name="com.TakeScreenCast.ScreenShotDemo">
        <test-method signature="launchBrowser(java.lang.String,java.lang.String)[pri:0, instance:com.TakeScreenCast.ScreenShotDemo@42e99e4a]" started-at="2023-05-22T16:18:37 IST" name="launchBrowser" finished-at="2023-05-22T16:18:41 IST" duration-ms="4559" status="PASS">
          <params>
            <param index="0">
              <value>
                <![CDATA[chrome]]>
              </value>
            </param>
            <param index="1">
              <value>
                <![CDATA[https://www.saucedemo.com/]]>
              </value>
            </param>
          </params>
          <reporter-output>
          </reporter-output>
        </test-method> <!-- launchBrowser -->
      </class> <!-- com.TakeScreenCast.ScreenShotDemo -->
    </test> <!-- Test -->
  </suite> <!-- Suite -->
</testng-results>
