<?xml version="1.0" encoding="UTF-8"?>
<!-- Generated by org.testng.reporters.JUnitXMLReporter -->
<testsuite ignored="5" hostname="Nani" failures="0" tests="5" name="TestBasedonGroups" time="0.06" errors="0" timestamp="2023-05-22T10:37:38 IST">
  <testcase classname="com.TestSuits.TestBVTSuit" name="testCase5" time="0.013"/>
  <testcase classname="com.TestSuits.TestRegrssionSuit" name="testCase1" time="0.002"/>
  <testcase classname="com.TestSuits.TestRegrssionSuit" name="testCase2" time="0.002"/>
  <testcase classname="com.TestSuits.TestRegrssionSuit" name="testCase3" time="0.001"/>
  <testcase classname="com.TestSuits.TestRegrssionSuit" name="testCase4" time="0.001"/>
  <testcase classname="com.TestSuits.TestBVTSuit" name="testCase1" time="0.0">
    <ignored/>
  </testcase> <!-- testCase1 -->
  <testcase classname="com.TestSuits.TestRegrssionSuit" name="testCase5" time="0.0">
    <ignored/>
  </testcase> <!-- testCase5 -->
  <testcase classname="com.TestSuits.TestBVTSuit" name="testCase2" time="0.0">
    <ignored/>
  </testcase> <!-- testCase2 -->
  <testcase classname="com.TestSuits.TestBVTSuit" name="testCase3" time="0.0">
    <ignored/>
  </testcase> <!-- testCase3 -->
  <testcase classname="com.TestSuits.TestBVTSuit" name="testCase4" time="0.0">
    <ignored/>
  </testcase> <!-- testCase4 -->
</testsuite> <!-- TestBasedonGroups -->
