<?xml version="1.0" encoding="UTF-8"?>
<!-- Generated by org.testng.reporters.JUnitXMLReporter -->
<testsuite ignored="0" hostname="Nani" failures="0" tests="5" name="GRP-User-Vration" time="0.08" errors="0" timestamp="2023-05-22T09:53:53 IST">
  <testcase classname="com.Annotationss.TestGroups" name="testCase1" time="0.014"/>
  <testcase classname="com.Annotationss.TestGroups" name="testCase2" time="0.002"/>
  <testcase classname="com.Annotationss.TestGroups" name="testCase3" time="0.001"/>
  <testcase classname="com.Annotationss.TestGroups" name="testCase4" time="0.002"/>
  <testcase classname="com.Annotationss.TestGroups" name="testCase5" time="0.001"/>
</testsuite> <!-- GRP-User-Vration -->
