<?xml version="1.0" encoding="UTF-8"?>
<!-- Generated by org.testng.reporters.JUnitXMLReporter -->
<testsuite ignored="7" hostname="Nani" failures="0" tests="8" name="GRP-BVT" time="0.07" errors="0" timestamp="2023-05-22T10:30:20 IST">
  <testcase classname="com.TestSuits.TestRegrssionSuit" name="testCase5" time="0.011"/>
  <testcase classname="com.Annotationss.TestGroups" name="testCase1" time="0.001"/>
  <testcase classname="com.Annotationss.TestGroups" name="testCase2" time="0.001"/>
  <testcase classname="com.Annotationss.TestGroups" name="testCase4" time="0.0"/>
  <testcase classname="com.TestSuits.TestBVTSuit" name="testCase1" time="0.001"/>
  <testcase classname="com.TestSuits.TestBVTSuit" name="testCase2" time="0.001"/>
  <testcase classname="com.TestSuits.TestBVTSuit" name="testCase3" time="0.001"/>
  <testcase classname="com.TestSuits.TestBVTSuit" name="testCase4" time="0.001"/>
  <testcase classname="com.TestSuits.TestRegrssionSuit" name="testCase4" time="0.0">
    <ignored/>
  </testcase> <!-- testCase4 -->
  <testcase classname="com.Annotationss.TestGroups" name="testCase5" time="0.0">
    <ignored/>
  </testcase> <!-- testCase5 -->
  <testcase classname="com.Annotationss.TestGroups" name="testCase3" time="0.0">
    <ignored/>
  </testcase> <!-- testCase3 -->
  <testcase classname="com.TestSuits.TestRegrssionSuit" name="testCase3" time="0.0">
    <ignored/>
  </testcase> <!-- testCase3 -->
  <testcase classname="com.TestSuits.TestRegrssionSuit" name="testCase2" time="0.0">
    <ignored/>
  </testcase> <!-- testCase2 -->
  <testcase classname="com.TestSuits.TestRegrssionSuit" name="testCase1" time="0.0">
    <ignored/>
  </testcase> <!-- testCase1 -->
  <testcase classname="com.TestSuits.TestBVTSuit" name="testCase5" time="0.0">
    <ignored/>
  </testcase> <!-- testCase5 -->
</testsuite> <!-- GRP-BVT -->
